WiFi_based_Indoor_Positioning_App/app/build/intermediates/manifest_merge_blame_file/debug/manifest-merger-blame-debug-report.txt
1<?xml version="1.0" encoding="utf-8"?>
2<manifest xmlns:android="http://schemas.android.com/apk/res/android"
3    package="com.example.indoorpositioning"
4    android:versionCode="1"
5    android:versionName="1.0" >
6
7    <uses-sdk
8        android:minSdkVersion="14"
8-->src\main\AndroidManifest.xml
9        android:targetSdkVersion="28" />
9-->src\main\AndroidManifest.xml
10
11    <uses-permission android:name="android.permission.ACCESS_COARSE_LOCATION" />
11-->src\main\AndroidManifest.xml:6:5-80
11-->src\main\AndroidManifest.xml:6:22-78
12    <uses-permission android:name="android.permission.ACCESS_WIFI_STATE" />
12-->src\main\AndroidManifest.xml:7:5-76
12-->src\main\AndroidManifest.xml:7:22-73
13    <uses-permission android:name="android.permission.CHANGE_WIFI_STATE" />
13-->src\main\AndroidManifest.xml:8:5-76
13-->src\main\AndroidManifest.xml:8:22-73
14    <uses-permission android:name="android.permission.INTERNET" />
14-->src\main\AndroidManifest.xml:9:5-67
14-->src\main\AndroidManifest.xml:9:22-64
15
16    <application
16-->src\main\AndroidManifest.xml:11:5-46:19
17        android:allowBackup="true"
17-->src\main\AndroidManifest.xml:12:9-35
18        android:appComponentFactory="android.support.v4.app.CoreComponentFactory"
18-->[com.android.support:support-compat:28.0.0] AndroidManifest.xml:22:18-91
19        android:debuggable="true"
20        android:icon="@drawable/ic_launcher"
20-->src\main\AndroidManifest.xml:13:9-45
21        android:label="@string/app_name"
21-->src\main\AndroidManifest.xml:14:9-41
22        android:testOnly="true"
23        android:theme="@style/AppTheme" >
23-->src\main\AndroidManifest.xml:15:9-40
24        <activity
24-->src\main\AndroidManifest.xml:17:9-21:20
25            android:name="sensorteam10.gachon.wi_fi_based_indoor_positioning_app.Scan"
25-->src\main\AndroidManifest.xml:18:13-33
26            android:label="Scan" >
26-->src\main\AndroidManifest.xml:19:13-33
27        </activity>
28        <activity
28-->src\main\AndroidManifest.xml:22:9-26:20
29            android:name="sensorteam10.gachon.wi_fi_based_indoor_positioning_app.Positions"
29-->src\main\AndroidManifest.xml:23:13-38
30            android:label="Calibrate" >
30-->src\main\AndroidManifest.xml:24:13-38
31        </activity>
32        <activity
32-->src\main\AndroidManifest.xml:27:9-35:20
33            android:name="sensorteam10.gachon.wi_fi_based_indoor_positioning_app.StartingScreen"
33-->src\main\AndroidManifest.xml:28:13-43
34            android:label="@string/app_name" >
34-->src\main\AndroidManifest.xml:29:13-45
35            <intent-filter>
35-->src\main\AndroidManifest.xml:30:13-33:29
36                <action android:name="android.intent.action.MAIN" />
36-->src\main\AndroidManifest.xml:31:17-76
36-->src\main\AndroidManifest.xml:31:25-66
37
38                <category android:name="android.intent.category.LAUNCHER" />
38-->src\main\AndroidManifest.xml:32:17-77
38-->src\main\AndroidManifest.xml:32:27-74
39            </intent-filter>
40        </activity>
41        <activity
41-->src\main\AndroidManifest.xml:37:9-40:20
42            android:name="sensorteam10.gachon.wi_fi_based_indoor_positioning_app.Locate"
42-->src\main\AndroidManifest.xml:37:19-41
43            android:label="Locate" >
43-->src\main\AndroidManifest.xml:38:13-35
44        </activity>
45        <activity
45-->src\main\AndroidManifest.xml:41:9-44:20
46            android:name="sensorteam10.gachon.wi_fi_based_indoor_positioning_app.FriendlyWifis"
46-->src\main\AndroidManifest.xml:41:19-48
47            android:label="Choose Friendly Wifis" >
47-->src\main\AndroidManifest.xml:42:13-50
48        </activity>
49    </application>
50
51</manifest>